1671727625298	geckodriver	INFO	Listening on 127.0.0.1:38673
1671727625303	mozrunner::runner	INFO	Running command: "/usr/bin/firefox" "--marionette" "--remote-debugging-port" "32951" "--remote-allow-hosts" "localhost" "-no-remote" "-profile" "/tmp/rust_mozprofileeLtkO1"
ATTENTION: default value of option mesa_glthread overridden by environment.
ATTENTION: default value of option mesa_glthread overridden by environment.
ATTENTION: default value of option mesa_glthread overridden by environment.
ATTENTION: default value of option mesa_glthread overridden by environment.
1671727626055	Marionette	INFO	Marionette enabled
1671727626059	Marionette	INFO	Listening on port 33795
Read port: 33795
WebDriver BiDi listening on ws://127.0.0.1:32951
1671727626199	RemoteAgent	WARN	TLS certificate errors will be ignored for this session
console.warn: SearchSettings: "get: No settings file exists, new profile?" (new NotFoundError("Could not open the file at /tmp/rust_mozprofileeLtkO1/search.json.mozlz4", (void 0)))
DevTools listening on ws://127.0.0.1:32951/devtools/browser/acaee560-4b3a-47d9-b860-abe5ea04b84c
JavaScript error: https://docs.pytest.org/%3CSubRequest%20'browser'%20for%20%3CFunction%20test_guest_should_see_login_link%3E%3E/latest/example/simple.html?highlight=addoption, line 26: ReferenceError: DOCUMENTATION_OPTIONS is not defined
JavaScript error: https://docs.pytest.org/%3CSubRequest%20'browser'%20for%20%3CFunction%20test_guest_should_see_login_link%3E%3E/latest/example/simple.html?highlight=addoption, line 94: ReferenceError: $ is not defined
JavaScript error: https://docs.pytest.org/_/static/javascript/readthedocs-doc-embed.js, line 1: ReferenceError: $ is not defined
1671727629138	Marionette	INFO	Stopped listening on port 33795
JavaScript error: https://docs.pytest.org/_/static/javascript/readthedocs-doc-embed.js, line 1: TypeError: n is not a function
WARNING: A blocker encountered an error while we were waiting.
          Blocker:  TelemetryController: shutting down
          Phase: profile-before-change-telemetry
          State: Error getting state: Error: Phase "profile-before-change" is finished, it is too late to register completion condition "OS.File: flush I/O queued before profileBeforeChange" at addBlocker@resource://gre/modules/AsyncShutdown.jsm:703:15
addBlocker@resource://gre/modules/AsyncShutdown.jsm:511:26
addBlocker@resource://gre/modules/AsyncShutdown.jsm:450:15
setupShutdown@resource://gre/modules/osfile/osfile_async_front.jsm:1563:28
@resource://gre/modules/osfile/osfile_async_front.jsm:1583:16
@resource://gre/modules/osfile.jsm:12:30
@resource://gre/modules/TelemetryStorage.jsm:19:28
getShutdownState@resource://gre/modules/TelemetrySend.jsm:1687:7
getShutdownState@resource://gre/modules/TelemetrySend.jsm:369:30
_getState@resource://gre/modules/TelemetryControllerParent.jsm:1058:38
setupTelemetry/<@resource://gre/modules/TelemetryControllerParent.jsm:917:18
safeGetState@resource://gre/modules/AsyncShutdown.jsm:242:17
Barrier/addBlocker/promise<@resource://gre/modules/AsyncShutdown.jsm:751:20
observe@resource://gre/modules/AsyncShutdown.jsm:560:16

WARNING: Error: Phase "profile-before-change" is finished, it is too late to register completion condition "OS.File: flush I/O queued before profileBeforeChange"
WARNING: addBlocker@resource://gre/modules/AsyncShutdown.jsm:703:15
addBlocker@resource://gre/modules/AsyncShutdown.jsm:511:26
addBlocker@resource://gre/modules/AsyncShutdown.jsm:450:15
setupShutdown@resource://gre/modules/osfile/osfile_async_front.jsm:1563:28
@resource://gre/modules/osfile/osfile_async_front.jsm:1583:16
@resource://gre/modules/osfile.jsm:12:30
@resource://gre/modules/TelemetryStorage.jsm:19:28
removeAbortedSessionPing@resource://gre/modules/TelemetryControllerParent.jsm:721:5
removeAbortedSessionPing@resource://gre/modules/TelemetryControllerParent.jsm:249:17
shutdownChromeProcess/cleanup/<@resource://gre/modules/TelemetrySession.jsm:1235:42
observe@resource://gre/modules/AsyncShutdown.jsm:560:16

JavaScript error: resource://gre/modules/AsyncShutdown.jsm, line 703: Error: Phase "profile-before-change" is finished, it is too late to register completion condition "OS.File: flush I/O queued before profileBeforeChange"
JavaScript error: resource://gre/modules/AsyncShutdown.jsm, line 703: Error: Phase "profile-before-change" is finished, it is too late to register completion condition "OS.File: flush I/O queued before profileBeforeChange"
JavaScript error: resource://gre/modules/AsyncShutdown.jsm, line 703: Error: Phase "profile-before-change" is finished, it is too late to register completion condition "OS.File: flush I/O queued before profileBeforeChange"
1671727668378	geckodriver	INFO	Listening on 127.0.0.1:33901
1671727668385	mozrunner::runner	INFO	Running command: "/usr/bin/firefox" "--marionette" "--remote-debugging-port" "45485" "--remote-allow-hosts" "localhost" "-no-remote" "-profile" "/tmp/rust_mozprofilejZtTar"
ATTENTION: default value of option mesa_glthread overridden by environment.
ATTENTION: default value of option mesa_glthread overridden by environment.
ATTENTION: default value of option mesa_glthread overridden by environment.
ATTENTION: default value of option mesa_glthread overridden by environment.
1671727669097	Marionette	INFO	Marionette enabled
1671727669100	Marionette	INFO	Listening on port 40625
Read port: 40625
WebDriver BiDi listening on ws://127.0.0.1:45485
1671727669258	RemoteAgent	WARN	TLS certificate errors will be ignored for this session
console.warn: SearchSettings: "get: No settings file exists, new profile?" (new NotFoundError("Could not open the file at /tmp/rust_mozprofilejZtTar/search.json.mozlz4", (void 0)))
DevTools listening on ws://127.0.0.1:45485/devtools/browser/e9c51253-9660-4db9-9929-358a68a66210
JavaScript error: https://docs.pytest.org/%3CSubRequest%20'browser'%20for%20%3CFunction%20test_guest_should_see_login_link%3E%3E/latest/example/simple.html?highlight=addoption, line 26: ReferenceError: DOCUMENTATION_OPTIONS is not defined
JavaScript error: https://docs.pytest.org/%3CSubRequest%20'browser'%20for%20%3CFunction%20test_guest_should_see_login_link%3E%3E/latest/example/simple.html?highlight=addoption, line 94: ReferenceError: $ is not defined
JavaScript error: https://docs.pytest.org/_/static/javascript/readthedocs-doc-embed.js, line 1: ReferenceError: $ is not defined
JavaScript error: https://docs.pytest.org/_/static/javascript/readthedocs-doc-embed.js, line 1: TypeError: n is not a function
1671727672730	Marionette	INFO	Stopped listening on port 40625
WARNING: A blocker encountered an error while we were waiting.
          Blocker:  TelemetryController: shutting down
          Phase: profile-before-change-telemetry
          State: Error getting state: Error: Phase "profile-before-change" is finished, it is too late to register completion condition "OS.File: flush I/O queued before profileBeforeChange" at addBlocker@resource://gre/modules/AsyncShutdown.jsm:703:15
addBlocker@resource://gre/modules/AsyncShutdown.jsm:511:26
addBlocker@resource://gre/modules/AsyncShutdown.jsm:450:15
setupShutdown@resource://gre/modules/osfile/osfile_async_front.jsm:1563:28
@resource://gre/modules/osfile/osfile_async_front.jsm:1583:16
@resource://gre/modules/osfile.jsm:12:30
@resource://gre/modules/TelemetryStorage.jsm:19:28
getShutdownState@resource://gre/modules/TelemetrySend.jsm:1687:7
getShutdownState@resource://gre/modules/TelemetrySend.jsm:369:30
_getState@resource://gre/modules/TelemetryControllerParent.jsm:1058:38
setupTelemetry/<@resource://gre/modules/TelemetryControllerParent.jsm:917:18
safeGetState@resource://gre/modules/AsyncShutdown.jsm:242:17
Barrier/addBlocker/promise<@resource://gre/modules/AsyncShutdown.jsm:751:20
observe@resource://gre/modules/AsyncShutdown.jsm:560:16

WARNING: Error: Phase "profile-before-change" is finished, it is too late to register completion condition "OS.File: flush I/O queued before profileBeforeChange"
WARNING: addBlocker@resource://gre/modules/AsyncShutdown.jsm:703:15
addBlocker@resource://gre/modules/AsyncShutdown.jsm:511:26
addBlocker@resource://gre/modules/AsyncShutdown.jsm:450:15
setupShutdown@resource://gre/modules/osfile/osfile_async_front.jsm:1563:28
@resource://gre/modules/osfile/osfile_async_front.jsm:1583:16
@resource://gre/modules/osfile.jsm:12:30
@resource://gre/modules/TelemetryStorage.jsm:19:28
removeAbortedSessionPing@resource://gre/modules/TelemetryControllerParent.jsm:721:5
removeAbortedSessionPing@resource://gre/modules/TelemetryControllerParent.jsm:249:17
shutdownChromeProcess/cleanup/<@resource://gre/modules/TelemetrySession.jsm:1235:42
observe@resource://gre/modules/AsyncShutdown.jsm:560:16

JavaScript error: resource://gre/modules/AsyncShutdown.jsm, line 703: Error: Phase "profile-before-change" is finished, it is too late to register completion condition "OS.File: flush I/O queued before profileBeforeChange"
JavaScript error: resource://gre/modules/AsyncShutdown.jsm, line 703: Error: Phase "profile-before-change" is finished, it is too late to register completion condition "OS.File: flush I/O queued before profileBeforeChange"
JavaScript error: resource://gre/modules/AsyncShutdown.jsm, line 703: Error: Phase "profile-before-change" is finished, it is too late to register completion condition "OS.File: flush I/O queued before profileBeforeChange"
1671727678802	geckodriver	INFO	Listening on 127.0.0.1:53213
1671727678809	mozrunner::runner	INFO	Running command: "/usr/bin/firefox" "--marionette" "--remote-debugging-port" "48907" "--remote-allow-hosts" "localhost" "-no-remote" "-profile" "/tmp/rust_mozprofilehib3jG"
ATTENTION: default value of option mesa_glthread overridden by environment.
ATTENTION: default value of option mesa_glthread overridden by environment.
ATTENTION: default value of option mesa_glthread overridden by environment.
ATTENTION: default value of option mesa_glthread overridden by environment.
1671727679516	Marionette	INFO	Marionette enabled
1671727679520	Marionette	INFO	Listening on port 34561
Read port: 34561
WebDriver BiDi listening on ws://127.0.0.1:48907
1671727679707	RemoteAgent	WARN	TLS certificate errors will be ignored for this session
console.warn: SearchSettings: "get: No settings file exists, new profile?" (new NotFoundError("Could not open the file at /tmp/rust_mozprofilehib3jG/search.json.mozlz4", (void 0)))
DevTools listening on ws://127.0.0.1:48907/devtools/browser/a1a3db3d-7987-4340-a076-f99cd1ae948b
JavaScript error: https://docs.pytest.org/%3CSubRequest%20'browser'%20for%20%3CFunction%20test_guest_should_see_login_link%3E%3E/latest/example/simple.html?highlight=addoption, line 26: ReferenceError: DOCUMENTATION_OPTIONS is not defined
JavaScript error: https://docs.pytest.org/%3CSubRequest%20'browser'%20for%20%3CFunction%20test_guest_should_see_login_link%3E%3E/latest/example/simple.html?highlight=addoption, line 94: ReferenceError: $ is not defined
JavaScript error: https://docs.pytest.org/_/static/javascript/readthedocs-doc-embed.js, line 1: ReferenceError: $ is not defined
JavaScript error: https://docs.pytest.org/_/static/javascript/readthedocs-doc-embed.js, line 1: TypeError: n is not a function
Exiting due to channel error.
Exiting due to channel error.
Exiting due to channel error.
1671727723025	geckodriver	INFO	Listening on 127.0.0.1:49041
1671727723029	mozrunner::runner	INFO	Running command: "/usr/bin/firefox" "--marionette" "--remote-debugging-port" "38967" "--remote-allow-hosts" "localhost" "-no-remote" "-profile" "/tmp/rust_mozprofilenhLg4v"
ATTENTION: default value of option mesa_glthread overridden by environment.
ATTENTION: default value of option mesa_glthread overridden by environment.
ATTENTION: default value of option mesa_glthread overridden by environment.
ATTENTION: default value of option mesa_glthread overridden by environment.
1671727723732	Marionette	INFO	Marionette enabled
1671727723736	Marionette	INFO	Listening on port 35697
Read port: 35697
WebDriver BiDi listening on ws://127.0.0.1:38967
1671727723899	RemoteAgent	WARN	TLS certificate errors will be ignored for this session
console.warn: SearchSettings: "get: No settings file exists, new profile?" (new NotFoundError("Could not open the file at /tmp/rust_mozprofilenhLg4v/search.json.mozlz4", (void 0)))
DevTools listening on ws://127.0.0.1:38967/devtools/browser/c2353326-2a7b-4166-aeac-c61c7dbeabf5
JavaScript error: https://docs.pytest.org/%3CSubRequest%20'browser'%20for%20%3CFunction%20test_guest_should_see_login_link%3E%3E/latest/example/simple.html?highlight=addoption, line 26: ReferenceError: DOCUMENTATION_OPTIONS is not defined
JavaScript error: https://docs.pytest.org/%3CSubRequest%20'browser'%20for%20%3CFunction%20test_guest_should_see_login_link%3E%3E/latest/example/simple.html?highlight=addoption, line 94: ReferenceError: $ is not defined
JavaScript error: https://docs.pytest.org/_/static/javascript/readthedocs-doc-embed.js, line 1: ReferenceError: $ is not defined
1671727726592	Marionette	INFO	Stopped listening on port 35697
WARNING: A blocker encountered an error while we were waiting.
          Blocker:  TelemetryController: shutting down
          Phase: profile-before-change-telemetry
          State: Error getting state: Error: Phase "profile-before-change" is finished, it is too late to register completion condition "OS.File: flush I/O queued before profileBeforeChange" at addBlocker@resource://gre/modules/AsyncShutdown.jsm:703:15
addBlocker@resource://gre/modules/AsyncShutdown.jsm:511:26
addBlocker@resource://gre/modules/AsyncShutdown.jsm:450:15
setupShutdown@resource://gre/modules/osfile/osfile_async_front.jsm:1563:28
@resource://gre/modules/osfile/osfile_async_front.jsm:1583:16
@resource://gre/modules/osfile.jsm:12:30
@resource://gre/modules/TelemetryStorage.jsm:19:28
getShutdownState@resource://gre/modules/TelemetrySend.jsm:1687:7
getShutdownState@resource://gre/modules/TelemetrySend.jsm:369:30
_getState@resource://gre/modules/TelemetryControllerParent.jsm:1058:38
setupTelemetry/<@resource://gre/modules/TelemetryControllerParent.jsm:917:18
safeGetState@resource://gre/modules/AsyncShutdown.jsm:242:17
Barrier/addBlocker/promise<@resource://gre/modules/AsyncShutdown.jsm:751:20
observe@resource://gre/modules/AsyncShutdown.jsm:560:16

WARNING: Error: Phase "profile-before-change" is finished, it is too late to register completion condition "OS.File: flush I/O queued before profileBeforeChange"
WARNING: addBlocker@resource://gre/modules/AsyncShutdown.jsm:703:15
addBlocker@resource://gre/modules/AsyncShutdown.jsm:511:26
addBlocker@resource://gre/modules/AsyncShutdown.jsm:450:15
setupShutdown@resource://gre/modules/osfile/osfile_async_front.jsm:1563:28
@resource://gre/modules/osfile/osfile_async_front.jsm:1583:16
@resource://gre/modules/osfile.jsm:12:30
@resource://gre/modules/TelemetryStorage.jsm:19:28
removeAbortedSessionPing@resource://gre/modules/TelemetryControllerParent.jsm:721:5
removeAbortedSessionPing@resource://gre/modules/TelemetryControllerParent.jsm:249:17
shutdownChromeProcess/cleanup/<@resource://gre/modules/TelemetrySession.jsm:1235:42
observe@resource://gre/modules/AsyncShutdown.jsm:560:16

JavaScript error: resource://gre/modules/AsyncShutdown.jsm, line 703: Error: Phase "profile-before-change" is finished, it is too late to register completion condition "OS.File: flush I/O queued before profileBeforeChange"
JavaScript error: resource://gre/modules/AsyncShutdown.jsm, line 703: Error: Phase "profile-before-change" is finished, it is too late to register completion condition "OS.File: flush I/O queued before profileBeforeChange"
JavaScript error: resource://gre/modules/AsyncShutdown.jsm, line 703: Error: Phase "profile-before-change" is finished, it is too late to register completion condition "OS.File: flush I/O queued before profileBeforeChange"
